<?xml version="1.0" encoding="UTF-8"?>
<testng-results ignored="0" total="1" passed="1" failed="0" skipped="0">
  <reporter-output>
  </reporter-output>
  <suite started-at="2024-08-14T14:31:02 IST" name="Default suite" finished-at="2024-08-14T14:31:02 IST" duration-ms="51">
    <groups>
    </groups>
    <test started-at="2024-08-14T14:31:02 IST" name="Default test" finished-at="2024-08-14T14:31:02 IST" duration-ms="51">
      <class name="abc.Demo">
        <test-method signature="swap()[pri:0, instance:abc.Demo@4944252c]" started-at="2024-08-14T14:31:02 IST" name="swap" finished-at="2024-08-14T14:31:02 IST" duration-ms="9" status="PASS">
          <reporter-output>
          </reporter-output>
        </test-method> <!-- swap -->
      </class> <!-- abc.Demo -->
    </test> <!-- Default test -->
  </suite> <!-- Default suite -->
</testng-results>
